<?xml version="1.0" encoding="UTF-8"?>
<testng-results ignored="0" total="1" passed="1" failed="0" skipped="0">
  <reporter-output>
  </reporter-output>
  <suite started-at="2023-04-29T15:12:29 IST" name="Surefire suite" finished-at="2023-04-29T15:12:46 IST" duration-ms="17313">
    <groups>
    </groups>
    <test started-at="2023-04-29T15:12:29 IST" name="Surefire test" finished-at="2023-04-29T15:12:46 IST" duration-ms="17313">
      <class name="webtest.LoginTest">
        <test-method is-config="true" signature="setup()[pri:0, instance:webtest.LoginTest@3943a2be]" started-at="2023-04-29T15:12:29 IST" name="setup" finished-at="2023-04-29T15:12:33 IST" duration-ms="4591" status="PASS">
          <reporter-output>
          </reporter-output>
        </test-method> <!-- setup -->
        <test-method signature="testWithValidScenario()[pri:0, instance:webtest.LoginTest@3943a2be]" started-at="2023-04-29T15:12:34 IST" name="testWithValidScenario" finished-at="2023-04-29T15:12:46 IST" duration-ms="12246" status="PASS">
          <reporter-output>
          </reporter-output>
        </test-method> <!-- testWithValidScenario -->
        <test-method is-config="true" signature="finish()[pri:0, instance:webtest.LoginTest@3943a2be]" started-at="2023-04-29T15:12:46 IST" name="finish" finished-at="2023-04-29T15:12:46 IST" duration-ms="276" status="PASS">
          <reporter-output>
          </reporter-output>
        </test-method> <!-- finish -->
      </class> <!-- webtest.LoginTest -->
    </test> <!-- Surefire test -->
  </suite> <!-- Surefire suite -->
</testng-results>
